2023-11-02 08:51:21 Loading main app package /tmp/.mount_ObsidiyzT3w2/resources/obsidian.asar
2023-11-02 08:51:22 Checking for update using Github
2023-11-02 08:51:22 Success.
2023-11-02 08:51:22 Latest version is 1.4.16
2023-11-02 08:51:22 App is up to date.
2023-11-14 10:56:34 Loading main app package /opt/Obsidian/resources/obsidian.asar
2023-11-14 10:56:34 Checking for update using Github
2023-11-14 10:56:34 Success.
2023-11-14 10:56:34 Latest version is 1.4.16
2023-11-14 10:56:34 App is up to date.
2023-11-14 11:56:34 Checking for update using Github
2023-11-14 11:56:34 Success.
2023-11-14 11:56:34 Latest version is 1.4.16
2023-11-14 11:56:34 App is up to date.
2023-11-14 12:56:34 Checking for update using Github
2023-11-14 12:56:34 Success.
2023-11-14 12:56:34 Latest version is 1.4.16
2023-11-14 12:56:34 App is up to date.
2023-11-14 13:56:34 Checking for update using Github
2023-11-14 13:56:35 Success.
2023-11-14 13:56:35 Latest version is 1.4.16
2023-11-14 13:56:35 App is up to date.
2023-11-14 14:56:34 Checking for update using Github
2023-11-14 14:56:35 Success.
2023-11-14 14:56:35 Latest version is 1.4.16
2023-11-14 14:56:35 App is up to date.
2023-11-14 15:56:35 Checking for update using Github
2023-11-14 15:56:35 Success.
2023-11-14 15:56:35 Latest version is 1.4.16
2023-11-14 15:56:35 App is up to date.
2023-11-14 16:56:35 Checking for update using Github
2023-11-14 16:56:35 Success.
2023-11-14 16:56:35 Latest version is 1.4.16
2023-11-14 16:56:35 App is up to date.
2023-11-14 17:05:51 Loading main app package /opt/Obsidian/resources/obsidian.asar
2023-11-14 17:05:51 Checking for update using Github
2023-11-14 17:05:51 Success.
2023-11-14 17:05:51 Latest version is 1.4.16
2023-11-14 17:05:51 App is up to date.
2023-11-14 18:05:51 Checking for update using Github
2023-11-14 18:05:51 Success.
2023-11-14 18:05:51 Latest version is 1.4.16
2023-11-14 18:05:51 App is up to date.
2023-11-14 19:05:51 Checking for update using Github
2023-11-14 19:05:51 Success.
2023-11-14 19:05:51 Latest version is 1.4.16
2023-11-14 19:05:51 App is up to date.
2023-11-14 20:05:51 Checking for update using Github
2023-11-14 20:05:52 Success.
2023-11-14 20:05:52 Latest version is 1.4.16
2023-11-14 20:05:52 App is up to date.
2023-11-15 12:03:18 Loading main app package /opt/Obsidian/resources/obsidian.asar
2023-11-15 12:03:18 Checking for update using Github
2023-11-15 12:03:18 Success.
2023-11-15 12:03:18 Latest version is 1.4.16
2023-11-15 12:03:18 App is up to date.
2023-11-15 13:03:18 Checking for update using Github
2023-11-15 13:03:18 Success.
2023-11-15 13:03:18 Latest version is 1.4.16
2023-11-15 13:03:18 App is up to date.
2023-11-15 14:03:18 Checking for update using Github
2023-11-15 14:03:18 Success.
2023-11-15 14:03:18 Latest version is 1.4.16
2023-11-15 14:03:18 App is up to date.
2023-11-15 15:03:18 Checking for update using Github
2023-11-15 15:03:19 Success.
2023-11-15 15:03:19 Latest version is 1.4.16
2023-11-15 15:03:19 App is up to date.
2023-11-15 16:03:18 Checking for update using Github
2023-11-15 16:03:19 Success.
2023-11-15 16:03:19 Latest version is 1.4.16
2023-11-15 16:03:19 App is up to date.
2023-11-15 17:03:19 Checking for update using Github
2023-11-15 17:03:19 Success.
2023-11-15 17:03:19 Latest version is 1.4.16
2023-11-15 17:03:19 App is up to date.
2023-11-16 11:49:39 Loading main app package /opt/Obsidian/resources/obsidian.asar
2023-11-16 11:49:39 Checking for update using Github
2023-11-16 11:49:40 Success.
2023-11-16 11:49:40 Latest version is 1.4.16
2023-11-16 11:49:40 App is up to date.
2023-11-16 12:49:39 Checking for update using Github
2023-11-16 12:49:40 Success.
2023-11-16 12:49:40 Latest version is 1.4.16
2023-11-16 12:49:40 App is up to date.
2023-11-16 13:49:40 Checking for update using Github
2023-11-16 13:49:40 Success.
2023-11-16 13:49:40 Latest version is 1.4.16
2023-11-16 13:49:40 App is up to date.
2023-11-16 14:49:40 Checking for update using Github
2023-11-16 14:49:40 Success.
2023-11-16 14:49:40 Latest version is 1.4.16
2023-11-16 14:49:40 App is up to date.
2023-11-16 15:49:40 Checking for update using Github
2023-11-16 15:49:40 Success.
2023-11-16 15:49:40 Latest version is 1.4.16
2023-11-16 15:49:40 App is up to date.
2023-11-16 16:49:40 Checking for update using Github
2023-11-16 16:49:40 Success.
2023-11-16 16:49:40 Latest version is 1.4.16
2023-11-16 16:49:40 App is up to date.
2023-11-16 17:49:40 Checking for update using Github
2023-11-16 17:49:40 Success.
2023-11-16 17:49:40 Latest version is 1.4.16
2023-11-16 17:49:40 App is up to date.
2023-11-16 18:49:40 Checking for update using Github
2023-11-16 18:49:40 Success.
2023-11-16 18:49:40 Latest version is 1.4.16
2023-11-16 18:49:40 App is up to date.
2023-11-16 19:49:40 Checking for update using Github
2023-11-16 19:49:40 Success.
2023-11-16 19:49:40 Latest version is 1.4.16
2023-11-16 19:49:40 App is up to date.
2023-11-17 13:03:58 Loading main app package /opt/Obsidian/resources/obsidian.asar
2023-11-17 13:03:58 Checking for update using Github
2023-11-17 13:03:58 Success.
2023-11-17 13:03:58 Latest version is 1.4.16
2023-11-17 13:03:58 App is up to date.
2023-11-17 14:03:58 Checking for update using Github
2023-11-17 14:03:58 Success.
2023-11-17 14:03:58 Latest version is 1.4.16
2023-11-17 14:03:58 App is up to date.
2023-11-17 15:03:58 Checking for update using Github
2023-11-17 15:03:58 Success.
2023-11-17 15:03:58 Latest version is 1.4.16
2023-11-17 15:03:58 App is up to date.
2023-11-17 16:03:58 Checking for update using Github
2023-11-17 16:03:58 Success.
2023-11-17 16:03:58 Latest version is 1.4.16
2023-11-17 16:03:58 App is up to date.
2023-11-17 17:03:58 Checking for update using Github
2023-11-17 17:03:58 Success.
2023-11-17 17:03:58 Latest version is 1.4.16
2023-11-17 17:03:58 App is up to date.
2023-11-22 13:49:07 Loading main app package /opt/Obsidian/resources/obsidian.asar
2023-11-22 13:49:07 Checking for update using Github
2023-11-22 13:49:07 Success.
2023-11-22 13:49:07 Latest version is 1.4.16
2023-11-22 13:49:07 App is up to date.
2023-11-22 14:49:07 Checking for update using Github
2023-11-22 14:49:07 Success.
2023-11-22 14:49:07 Latest version is 1.4.16
2023-11-22 14:49:07 App is up to date.
2023-11-22 15:49:07 Checking for update using Github
2023-11-22 15:49:07 Success.
2023-11-22 15:49:07 Latest version is 1.4.16
2023-11-22 15:49:07 App is up to date.
2023-11-22 16:49:07 Checking for update using Github
2023-11-22 16:49:07 Success.
2023-11-22 16:49:07 Latest version is 1.4.16
2023-11-22 16:49:07 App is up to date.
2023-11-22 17:49:07 Checking for update using Github
2023-11-22 17:49:07 Success.
2023-11-22 17:49:07 Latest version is 1.4.16
2023-11-22 17:49:07 App is up to date.
2023-11-22 18:49:07 Checking for update using Github
2023-11-22 18:49:07 Success.
2023-11-22 18:49:07 Latest version is 1.4.16
2023-11-22 18:49:07 App is up to date.
2023-11-22 19:49:07 Checking for update using Github
2023-11-22 19:49:07 Success.
2023-11-22 19:49:07 Latest version is 1.4.16
2023-11-22 19:49:07 App is up to date.
2023-11-30 12:05:28 Loading main app package /opt/Obsidian/resources/obsidian.asar
2023-11-30 12:05:28 Checking for update using Github
2023-11-30 12:05:28 Success.
2023-11-30 12:05:28 Latest version is 1.4.16
2023-11-30 12:05:28 App is up to date.
2023-11-30 13:05:28 Checking for update using Github
2023-11-30 13:05:28 Success.
2023-11-30 13:05:28 Latest version is 1.4.16
2023-11-30 13:05:28 App is up to date.
2023-11-30 14:05:28 Checking for update using Github
2023-11-30 14:05:28 Success.
2023-11-30 14:05:28 Latest version is 1.4.16
2023-11-30 14:05:28 App is up to date.
2023-11-30 15:05:28 Checking for update using Github
2023-11-30 15:05:28 Success.
2023-11-30 15:05:28 Latest version is 1.4.16
2023-11-30 15:05:28 App is up to date.
2023-11-30 16:05:28 Checking for update using Github
2023-11-30 16:05:28 Success.
2023-11-30 16:05:28 Latest version is 1.4.16
2023-11-30 16:05:28 App is up to date.
2023-11-30 17:05:28 Checking for update using Github
2023-11-30 17:05:28 Success.
2023-11-30 17:05:28 Latest version is 1.4.16
2023-11-30 17:05:28 App is up to date.
2024-07-10 13:17:48 Loading main app package /opt/Obsidian/resources/obsidian.asar
2024-07-10 13:17:48 Checking for update using Github
2024-07-10 13:17:48 Success.
2024-07-10 13:17:48 Latest version is 1.6.5
2024-07-10 13:17:48 Downloading update from https://github.com/obsidianmd/obsidian-releases/releases/download/v1.6.5/obsidian-1.6.5.asar.gz
2024-07-10 13:17:50 Verifying hash & signature. Size= 8839622
2024-07-10 13:17:50 Saving file
2024-07-10 13:17:50 Update complete.
2024-07-10 14:17:48 Checking for update using Github
2024-07-10 14:17:48 Success.
2024-07-10 14:17:48 Latest version is 1.6.5
2024-07-10 14:17:48 An update is already downloaded.
2024-08-16 10:15:02 Loading updated app package /home/geoffrey/.config/obsidian/obsidian-1.6.5.asar
2024-08-16 10:15:02 Checking for update using Github
2024-08-16 10:15:02 Success.
2024-08-16 10:15:02 Latest version is 1.6.7
2024-08-16 10:15:02 Downloading update from https://github.com/obsidianmd/obsidian-releases/releases/download/v1.6.7/obsidian-1.6.7.asar.gz
2024-08-16 10:15:04 Verifying hash & signature. Size= 7993245
2024-08-16 10:15:04 Saving file
2024-08-16 10:15:04 Update complete.
2024-08-16 11:15:02 Checking for update using Github
2024-08-16 11:15:02 Success.
2024-08-16 11:15:02 Latest version is 1.6.7
2024-08-16 11:15:02 An update is already downloaded.
2024-08-16 12:15:02 Checking for update using Github
2024-08-16 12:15:02 Success.
2024-08-16 12:15:02 Latest version is 1.6.7
2024-08-16 12:15:02 An update is already downloaded.
2024-08-16 13:15:02 Checking for update using Github
2024-08-16 13:15:02 Success.
2024-08-16 13:15:02 Latest version is 1.6.7
2024-08-16 13:15:02 An update is already downloaded.
2024-08-16 14:15:02 Checking for update using Github
2024-08-16 14:15:02 Success.
2024-08-16 14:15:02 Latest version is 1.6.7
2024-08-16 14:15:02 An update is already downloaded.
2024-08-16 15:15:02 Checking for update using Github
2024-08-16 15:15:02 Success.
2024-08-16 15:15:02 Latest version is 1.6.7
2024-08-16 15:15:02 An update is already downloaded.
2024-08-16 16:15:02 Checking for update using Github
2024-08-16 16:15:02 Success.
2024-08-16 16:15:02 Latest version is 1.6.7
2024-08-16 16:15:02 An update is already downloaded.
2024-08-16 17:15:02 Checking for update using Github
2024-08-16 17:15:02 Success.
2024-08-16 17:15:02 Latest version is 1.6.7
2024-08-16 17:15:02 An update is already downloaded.
2024-08-16 18:15:02 Checking for update using Github
2024-08-16 18:15:02 Success.
2024-08-16 18:15:02 Latest version is 1.6.7
2024-08-16 18:15:02 An update is already downloaded.
2024-08-16 19:15:02 Checking for update using Github
2024-08-16 19:15:02 Success.
2024-08-16 19:15:02 Latest version is 1.6.7
2024-08-16 19:15:02 An update is already downloaded.
2024-08-20 10:31:16 Loading updated app package /home/geoffrey/.config/obsidian/obsidian-1.6.7.asar
2024-08-20 10:31:16 Checking for update using Github
2024-08-20 10:31:16 Success.
2024-08-20 10:31:16 Latest version is 1.6.7
2024-08-20 10:31:16 App is up to date.
2024-08-20 11:31:16 Checking for update using Github
2024-08-20 11:31:16 Success.
2024-08-20 11:31:16 Latest version is 1.6.7
2024-08-20 11:31:16 App is up to date.
2024-08-20 12:31:16 Checking for update using Github
2024-08-20 12:31:16 Success.
2024-08-20 12:31:16 Latest version is 1.6.7
2024-08-20 12:31:16 App is up to date.
2024-08-20 13:31:16 Checking for update using Github
2024-08-20 13:31:16 Success.
2024-08-20 13:31:16 Latest version is 1.6.7
2024-08-20 13:31:16 App is up to date.
2024-08-20 14:31:17 Checking for update using Github
2024-08-20 14:31:17 Success.
2024-08-20 14:31:17 Latest version is 1.6.7
2024-08-20 14:31:17 App is up to date.
2024-08-20 15:31:17 Checking for update using Github
2024-08-20 15:31:17 Success.
2024-08-20 15:31:17 Latest version is 1.6.7
2024-08-20 15:31:17 App is up to date.
2024-08-20 16:31:17 Checking for update using Github
2024-08-20 16:31:17 Success.
2024-08-20 16:31:17 Latest version is 1.6.7
2024-08-20 16:31:17 App is up to date.
2024-08-20 17:31:17 Checking for update using Github
2024-08-20 17:31:17 Success.
2024-08-20 17:31:17 Latest version is 1.6.7
2024-08-20 17:31:17 App is up to date.
2024-08-20 18:31:17 Checking for update using Github
2024-08-20 18:31:17 Success.
2024-08-20 18:31:17 Latest version is 1.6.7
2024-08-20 18:31:17 App is up to date.
2024-08-20 19:31:17 Checking for update using Github
2024-08-20 19:31:17 Success.
2024-08-20 19:31:17 Latest version is 1.6.7
2024-08-20 19:31:17 App is up to date.
2024-08-23 10:41:22 Loading updated app package /home/geoffrey/.config/obsidian/obsidian-1.6.7.asar
2024-08-23 10:41:22 Checking for update using Github
2024-08-23 10:41:22 Success.
2024-08-23 10:41:22 Latest version is 1.6.7
2024-08-23 10:41:22 App is up to date.
2024-08-23 11:41:22 Checking for update using Github
2024-08-23 11:41:22 Success.
2024-08-23 11:41:22 Latest version is 1.6.7
2024-08-23 11:41:22 App is up to date.
2024-08-23 12:41:22 Checking for update using Github
2024-08-23 12:41:22 Success.
2024-08-23 12:41:22 Latest version is 1.6.7
2024-08-23 12:41:22 App is up to date.
2024-08-23 13:41:22 Checking for update using Github
2024-08-23 13:41:22 Success.
2024-08-23 13:41:22 Latest version is 1.6.7
2024-08-23 13:41:22 App is up to date.
2024-08-23 14:41:22 Checking for update using Github
2024-08-23 14:41:22 Success.
2024-08-23 14:41:22 Latest version is 1.6.7
2024-08-23 14:41:22 App is up to date.
2024-08-23 15:41:22 Checking for update using Github
2024-08-23 15:41:22 Success.
2024-08-23 15:41:22 Latest version is 1.6.7
2024-08-23 15:41:22 App is up to date.
2024-08-23 16:41:22 Checking for update using Github
2024-08-23 16:41:22 Success.
2024-08-23 16:41:22 Latest version is 1.6.7
2024-08-23 16:41:22 App is up to date.
2024-08-23 17:41:22 Checking for update using Github
2024-08-23 17:41:22 Success.
2024-08-23 17:41:22 Latest version is 1.6.7
2024-08-23 17:41:22 App is up to date.
2024-08-23 18:41:22 Checking for update using Github
2024-08-23 18:41:22 Success.
2024-08-23 18:41:22 Latest version is 1.6.7
2024-08-23 18:41:22 App is up to date.
2024-08-23 19:41:22 Checking for update using Github
2024-08-23 19:41:22 Success.
2024-08-23 19:41:22 Latest version is 1.6.7
2024-08-23 19:41:22 App is up to date.
2024-08-23 20:41:22 Checking for update using Github
2024-08-23 20:41:22 Success.
2024-08-23 20:41:22 Latest version is 1.6.7
2024-08-23 20:41:22 App is up to date.
